/*C3*/SET SCHEMA PUBLIC
CONNECT USER SA
SET AUTOCOMMIT FALSE
DELETE FROM TOPIC_TOPIC WHERE TOPIC_ID=23 AND SUBTOPICS_ID=11
DELETE FROM TOPIC_TOPIC WHERE TOPIC_ID=23 AND SUBTOPICS_ID=14
DELETE FROM TOPIC_TOPIC WHERE TOPIC_ID=23 AND SUBTOPICS_ID=18
DELETE FROM TOPIC_TOPIC WHERE TOPIC_ID=23 AND SUBTOPICS_ID=22
DELETE FROM ROOTTOPICCSS WHERE ROOTTOPIC_ID=23 AND CSS_ID=1
DELETE FROM ROOTTOPICCSS WHERE ROOTTOPIC_ID=23 AND CSS_ID=2
DELETE FROM ROOTTOPICCSS WHERE ROOTTOPIC_ID=23 AND CSS_ID=3
INSERT INTO TOPIC_TOPIC VALUES(23,11)
INSERT INTO TOPIC_TOPIC VALUES(23,14)
INSERT INTO TOPIC_TOPIC VALUES(23,18)
INSERT INTO TOPIC_TOPIC VALUES(23,22)
INSERT INTO ROOTTOPICCSS VALUES(23,1)
INSERT INTO ROOTTOPICCSS VALUES(23,2)
COMMIT
DELETE FROM CODE WHERE ID=2
INSERT INTO CODE VALUES(2,'only screen and (max-width: 480px)','body {\u000d\u000a  padding: 0;\u000d\u000a}\u000d\u000a\u000d\u000a.box {\u000d\u000a  height: 300px;\u000d\u000a}','text/css')
COMMIT
